2021-07-25 06:59:45.433  WARN 10712 --- [HikariPool-1 housekeeper] com.zaxxer.hikari.pool.HikariPool        : HikariPool-1 - Thread starvation or clock leap detected (housekeeper delta=7h2m34s829ms889µs500ns).
2021-07-25 07:28:49.757  WARN 10712 --- [http-nio-8080-exec-3] .w.s.m.s.DefaultHandlerExceptionResolver : Resolved [org.springframework.web.bind.MethodArgumentNotValidException: Validation failed for argument [0] in public org.springframework.http.ResponseEntity<?> com.iktpreobuka.elektronskiDnevnik.controllers.ClassroomController.createClassroom(com.iktpreobuka.elektronskiDnevnik.entities.dto.ClassroomDTO): [Field error in object 'classroomDTO' on field 'classroomNumber': rejected value [9]; codes [Max.classroomDTO.classroomNumber,Max.classroomNumber,Max.java.lang.Integer,Max]; arguments [org.springframework.context.support.DefaultMessageSourceResolvable: codes [classroomDTO.classroomNumber,classroomNumber]; arguments []; default message [classroomNumber],8]; default message [ClassroomNumber can be max 8!]] ]
2021-07-25 07:30:40.136  INFO 10712 --- [RMI TCP Connection(109)-127.0.0.1] inMXBeanRegistrar$SpringApplicationAdmin : Application shutdown requested.
2021-07-25 07:30:40.742  INFO 10712 --- [RMI TCP Connection(109)-127.0.0.1] j.LocalContainerEntityManagerFactoryBean : Closing JPA EntityManagerFactory for persistence unit 'default'
2021-07-25 07:30:40.747  INFO 10712 --- [RMI TCP Connection(109)-127.0.0.1] com.zaxxer.hikari.HikariDataSource       : HikariPool-1 - Shutdown initiated...
2021-07-25 07:30:40.876  INFO 10712 --- [RMI TCP Connection(109)-127.0.0.1] com.zaxxer.hikari.HikariDataSource       : HikariPool-1 - Shutdown completed.
2021-07-25 07:46:07.423  INFO 7524 --- [main] c.i.e.ElektronskiDnevnikApplication      : Starting ElektronskiDnevnikApplication using Java 15.0.2 on Tara-HP with PID 7524 (C:\elektronskiDnevnik\target\classes started by vujcic in C:\elektronskiDnevnik)
2021-07-25 07:46:07.441  INFO 7524 --- [main] c.i.e.ElektronskiDnevnikApplication      : No active profile set, falling back to default profiles: default
2021-07-25 07:46:09.555  INFO 7524 --- [main] .s.d.r.c.RepositoryConfigurationDelegate : Bootstrapping Spring Data JPA repositories in DEFAULT mode.
2021-07-25 07:46:09.899  INFO 7524 --- [main] .s.d.r.c.RepositoryConfigurationDelegate : Finished Spring Data repository scanning in 323 ms. Found 10 JPA repository interfaces.
2021-07-25 07:46:11.404  INFO 7524 --- [main] o.s.b.w.embedded.tomcat.TomcatWebServer  : Tomcat initialized with port(s): 8080 (http)
2021-07-25 07:46:11.430  INFO 7524 --- [main] o.apache.catalina.core.StandardService   : Starting service [Tomcat]
2021-07-25 07:46:11.431  INFO 7524 --- [main] org.apache.catalina.core.StandardEngine  : Starting Servlet engine: [Apache Tomcat/9.0.48]
2021-07-25 07:46:11.845  INFO 7524 --- [main] o.a.c.c.C.[Tomcat].[localhost].[/]       : Initializing Spring embedded WebApplicationContext
2021-07-25 07:46:11.847  INFO 7524 --- [main] w.s.c.ServletWebServerApplicationContext : Root WebApplicationContext: initialization completed in 4116 ms
2021-07-25 07:46:13.217  INFO 7524 --- [main] com.zaxxer.hikari.HikariDataSource       : HikariPool-1 - Starting...
2021-07-25 07:46:14.275  INFO 7524 --- [main] com.zaxxer.hikari.HikariDataSource       : HikariPool-1 - Start completed.
2021-07-25 07:46:17.107  INFO 7524 --- [main] j.LocalContainerEntityManagerFactoryBean : Initialized JPA EntityManagerFactory for persistence unit 'default'
2021-07-25 07:46:18.625  WARN 7524 --- [main] JpaBaseConfiguration$JpaWebConfiguration : spring.jpa.open-in-view is enabled by default. Therefore, database queries may be performed during view rendering. Explicitly configure spring.jpa.open-in-view to disable this warning
2021-07-25 07:46:19.411  INFO 7524 --- [main] o.s.b.w.embedded.tomcat.TomcatWebServer  : Tomcat started on port(s): 8080 (http) with context path ''
2021-07-25 07:46:19.430  INFO 7524 --- [main] c.i.e.ElektronskiDnevnikApplication      : Started ElektronskiDnevnikApplication in 13.414 seconds (JVM running for 18.732)
2021-07-25 07:46:26.524  INFO 7524 --- [http-nio-8080-exec-2] o.a.c.c.C.[Tomcat].[localhost].[/]       : Initializing Spring DispatcherServlet 'dispatcherServlet'
2021-07-25 07:46:26.526  INFO 7524 --- [http-nio-8080-exec-2] o.s.web.servlet.DispatcherServlet        : Initializing Servlet 'dispatcherServlet'
2021-07-25 07:46:26.527  INFO 7524 --- [http-nio-8080-exec-2] o.s.web.servlet.DispatcherServlet        : Completed initialization in 1 ms
2021-07-25 07:46:27.225  WARN 7524 --- [http-nio-8080-exec-2] .w.s.m.s.DefaultHandlerExceptionResolver : Resolved [org.springframework.web.bind.MethodArgumentNotValidException: Validation failed for argument [0] in public org.springframework.http.ResponseEntity<?> com.iktpreobuka.elektronskiDnevnik.controllers.ClassroomController.createClassroom(com.iktpreobuka.elektronskiDnevnik.entities.dto.ClassroomDTO): [Field error in object 'classroomDTO' on field 'classroomNumber': rejected value [9]; codes [Max.classroomDTO.classroomNumber,Max.classroomNumber,Max.java.lang.Integer,Max]; arguments [org.springframework.context.support.DefaultMessageSourceResolvable: codes [classroomDTO.classroomNumber,classroomNumber]; arguments []; default message [classroomNumber],8]; default message [ClassroomNumber can be max 8!]] ]
2021-07-25 07:49:09.768  INFO 7524 --- [RMI TCP Connection(9)-127.0.0.1] inMXBeanRegistrar$SpringApplicationAdmin : Application shutdown requested.
2021-07-25 07:49:09.897  INFO 7524 --- [RMI TCP Connection(9)-127.0.0.1] j.LocalContainerEntityManagerFactoryBean : Closing JPA EntityManagerFactory for persistence unit 'default'
2021-07-25 07:49:09.902  INFO 7524 --- [RMI TCP Connection(9)-127.0.0.1] com.zaxxer.hikari.HikariDataSource       : HikariPool-1 - Shutdown initiated...
2021-07-25 07:49:09.939  INFO 7524 --- [RMI TCP Connection(9)-127.0.0.1] com.zaxxer.hikari.HikariDataSource       : HikariPool-1 - Shutdown completed.
2021-07-25 07:49:18.013  INFO 9520 --- [main] c.i.e.ElektronskiDnevnikApplication      : Starting ElektronskiDnevnikApplication using Java 15.0.2 on Tara-HP with PID 9520 (C:\elektronskiDnevnik\target\classes started by vujcic in C:\elektronskiDnevnik)
2021-07-25 07:49:18.023  INFO 9520 --- [main] c.i.e.ElektronskiDnevnikApplication      : No active profile set, falling back to default profiles: default
2021-07-25 07:49:19.898  INFO 9520 --- [main] .s.d.r.c.RepositoryConfigurationDelegate : Bootstrapping Spring Data JPA repositories in DEFAULT mode.
2021-07-25 07:49:20.146  INFO 9520 --- [main] .s.d.r.c.RepositoryConfigurationDelegate : Finished Spring Data repository scanning in 226 ms. Found 10 JPA repository interfaces.
2021-07-25 07:49:21.278  INFO 9520 --- [main] o.s.b.w.embedded.tomcat.TomcatWebServer  : Tomcat initialized with port(s): 8080 (http)
2021-07-25 07:49:21.299  INFO 9520 --- [main] o.apache.catalina.core.StandardService   : Starting service [Tomcat]
2021-07-25 07:49:21.300  INFO 9520 --- [main] org.apache.catalina.core.StandardEngine  : Starting Servlet engine: [Apache Tomcat/9.0.48]
2021-07-25 07:49:21.617  INFO 9520 --- [main] o.a.c.c.C.[Tomcat].[localhost].[/]       : Initializing Spring embedded WebApplicationContext
2021-07-25 07:49:21.618  INFO 9520 --- [main] w.s.c.ServletWebServerApplicationContext : Root WebApplicationContext: initialization completed in 3414 ms
2021-07-25 07:49:22.627  INFO 9520 --- [main] com.zaxxer.hikari.HikariDataSource       : HikariPool-1 - Starting...
2021-07-25 07:49:23.295  INFO 9520 --- [main] com.zaxxer.hikari.HikariDataSource       : HikariPool-1 - Start completed.
2021-07-25 07:49:25.723  INFO 9520 --- [main] j.LocalContainerEntityManagerFactoryBean : Initialized JPA EntityManagerFactory for persistence unit 'default'
2021-07-25 07:49:26.809  WARN 9520 --- [main] JpaBaseConfiguration$JpaWebConfiguration : spring.jpa.open-in-view is enabled by default. Therefore, database queries may be performed during view rendering. Explicitly configure spring.jpa.open-in-view to disable this warning
2021-07-25 07:49:27.567  INFO 9520 --- [main] o.s.b.w.embedded.tomcat.TomcatWebServer  : Tomcat started on port(s): 8080 (http) with context path ''
2021-07-25 07:49:27.586  INFO 9520 --- [main] c.i.e.ElektronskiDnevnikApplication      : Started ElektronskiDnevnikApplication in 10.457 seconds (JVM running for 12.672)
2021-07-25 07:49:34.547  INFO 9520 --- [http-nio-8080-exec-1] o.a.c.c.C.[Tomcat].[localhost].[/]       : Initializing Spring DispatcherServlet 'dispatcherServlet'
2021-07-25 07:49:34.548  INFO 9520 --- [http-nio-8080-exec-1] o.s.web.servlet.DispatcherServlet        : Initializing Servlet 'dispatcherServlet'
2021-07-25 07:49:34.550  INFO 9520 --- [http-nio-8080-exec-1] o.s.web.servlet.DispatcherServlet        : Completed initialization in 1 ms
2021-07-25 07:49:35.229  WARN 9520 --- [http-nio-8080-exec-1] .w.s.m.s.DefaultHandlerExceptionResolver : Resolved [org.springframework.web.bind.MethodArgumentNotValidException: Validation failed for argument [0] in public org.springframework.http.ResponseEntity<?> com.iktpreobuka.elektronskiDnevnik.controllers.ClassroomController.createClassroom(com.iktpreobuka.elektronskiDnevnik.entities.dto.ClassroomDTO): [Field error in object 'classroomDTO' on field 'classroomNumber': rejected value [9]; codes [Max.classroomDTO.classroomNumber,Max.classroomNumber,Max.java.lang.Integer,Max]; arguments [org.springframework.context.support.DefaultMessageSourceResolvable: codes [classroomDTO.classroomNumber,classroomNumber]; arguments []; default message [classroomNumber],8]; default message [ClassroomNumber can be max 8!]] ]
2021-07-25 07:50:42.179  INFO 9520 --- [RMI TCP Connection(6)-127.0.0.1] inMXBeanRegistrar$SpringApplicationAdmin : Application shutdown requested.
2021-07-25 07:50:42.452  INFO 9520 --- [RMI TCP Connection(6)-127.0.0.1] j.LocalContainerEntityManagerFactoryBean : Closing JPA EntityManagerFactory for persistence unit 'default'
2021-07-25 07:50:42.457  INFO 9520 --- [RMI TCP Connection(6)-127.0.0.1] com.zaxxer.hikari.HikariDataSource       : HikariPool-1 - Shutdown initiated...
2021-07-25 07:50:42.488  INFO 9520 --- [RMI TCP Connection(6)-127.0.0.1] com.zaxxer.hikari.HikariDataSource       : HikariPool-1 - Shutdown completed.
2021-07-25 07:50:52.156  INFO 5132 --- [main] c.i.e.ElektronskiDnevnikApplication      : Starting ElektronskiDnevnikApplication using Java 15.0.2 on Tara-HP with PID 5132 (C:\elektronskiDnevnik\target\classes started by vujcic in C:\elektronskiDnevnik)
2021-07-25 07:50:52.167  INFO 5132 --- [main] c.i.e.ElektronskiDnevnikApplication      : No active profile set, falling back to default profiles: default
2021-07-25 07:50:54.555  INFO 5132 --- [main] .s.d.r.c.RepositoryConfigurationDelegate : Bootstrapping Spring Data JPA repositories in DEFAULT mode.
2021-07-25 07:50:54.816  INFO 5132 --- [main] .s.d.r.c.RepositoryConfigurationDelegate : Finished Spring Data repository scanning in 235 ms. Found 10 JPA repository interfaces.
2021-07-25 07:50:55.868  INFO 5132 --- [main] o.s.b.w.embedded.tomcat.TomcatWebServer  : Tomcat initialized with port(s): 8080 (http)
2021-07-25 07:50:55.886  INFO 5132 --- [main] o.apache.catalina.core.StandardService   : Starting service [Tomcat]
2021-07-25 07:50:55.887  INFO 5132 --- [main] org.apache.catalina.core.StandardEngine  : Starting Servlet engine: [Apache Tomcat/9.0.48]
2021-07-25 07:50:56.225  INFO 5132 --- [main] o.a.c.c.C.[Tomcat].[localhost].[/]       : Initializing Spring embedded WebApplicationContext
2021-07-25 07:50:56.226  INFO 5132 --- [main] w.s.c.ServletWebServerApplicationContext : Root WebApplicationContext: initialization completed in 3932 ms
2021-07-25 07:50:57.193  INFO 5132 --- [main] com.zaxxer.hikari.HikariDataSource       : HikariPool-1 - Starting...
2021-07-25 07:50:57.810  INFO 5132 --- [main] com.zaxxer.hikari.HikariDataSource       : HikariPool-1 - Start completed.
2021-07-25 07:51:00.154  INFO 5132 --- [main] j.LocalContainerEntityManagerFactoryBean : Initialized JPA EntityManagerFactory for persistence unit 'default'
2021-07-25 07:51:01.250  WARN 5132 --- [main] JpaBaseConfiguration$JpaWebConfiguration : spring.jpa.open-in-view is enabled by default. Therefore, database queries may be performed during view rendering. Explicitly configure spring.jpa.open-in-view to disable this warning
2021-07-25 07:51:02.216  INFO 5132 --- [main] o.s.b.w.embedded.tomcat.TomcatWebServer  : Tomcat started on port(s): 8080 (http) with context path ''
2021-07-25 07:51:02.237  INFO 5132 --- [main] c.i.e.ElektronskiDnevnikApplication      : Started ElektronskiDnevnikApplication in 11.457 seconds (JVM running for 14.136)
2021-07-25 07:51:10.922  INFO 5132 --- [http-nio-8080-exec-1] o.a.c.c.C.[Tomcat].[localhost].[/]       : Initializing Spring DispatcherServlet 'dispatcherServlet'
2021-07-25 07:51:10.923  INFO 5132 --- [http-nio-8080-exec-1] o.s.web.servlet.DispatcherServlet        : Initializing Servlet 'dispatcherServlet'
2021-07-25 07:51:10.935  INFO 5132 --- [http-nio-8080-exec-1] o.s.web.servlet.DispatcherServlet        : Completed initialization in 12 ms
2021-07-25 07:58:27.414  INFO 5132 --- [RMI TCP Connection(16)-127.0.0.1] inMXBeanRegistrar$SpringApplicationAdmin : Application shutdown requested.
2021-07-25 07:58:27.607  INFO 5132 --- [RMI TCP Connection(16)-127.0.0.1] j.LocalContainerEntityManagerFactoryBean : Closing JPA EntityManagerFactory for persistence unit 'default'
2021-07-25 07:58:27.615  INFO 5132 --- [RMI TCP Connection(16)-127.0.0.1] com.zaxxer.hikari.HikariDataSource       : HikariPool-1 - Shutdown initiated...
2021-07-25 07:58:27.720  INFO 5132 --- [RMI TCP Connection(16)-127.0.0.1] com.zaxxer.hikari.HikariDataSource       : HikariPool-1 - Shutdown completed.
2021-07-25 07:58:38.757  INFO 2008 --- [main] c.i.e.ElektronskiDnevnikApplication      : Starting ElektronskiDnevnikApplication using Java 15.0.2 on Tara-HP with PID 2008 (C:\elektronskiDnevnik\target\classes started by vujcic in C:\elektronskiDnevnik)
2021-07-25 07:58:38.767  INFO 2008 --- [main] c.i.e.ElektronskiDnevnikApplication      : No active profile set, falling back to default profiles: default
2021-07-25 07:58:40.703  INFO 2008 --- [main] .s.d.r.c.RepositoryConfigurationDelegate : Bootstrapping Spring Data JPA repositories in DEFAULT mode.
2021-07-25 07:58:40.977  INFO 2008 --- [main] .s.d.r.c.RepositoryConfigurationDelegate : Finished Spring Data repository scanning in 255 ms. Found 10 JPA repository interfaces.
2021-07-25 07:58:42.125  INFO 2008 --- [main] o.s.b.w.embedded.tomcat.TomcatWebServer  : Tomcat initialized with port(s): 8080 (http)
2021-07-25 07:58:42.147  INFO 2008 --- [main] o.apache.catalina.core.StandardService   : Starting service [Tomcat]
2021-07-25 07:58:42.148  INFO 2008 --- [main] org.apache.catalina.core.StandardEngine  : Starting Servlet engine: [Apache Tomcat/9.0.48]
2021-07-25 07:58:42.475  INFO 2008 --- [main] o.a.c.c.C.[Tomcat].[localhost].[/]       : Initializing Spring embedded WebApplicationContext
2021-07-25 07:58:42.476  INFO 2008 --- [main] w.s.c.ServletWebServerApplicationContext : Root WebApplicationContext: initialization completed in 3555 ms
2021-07-25 07:58:43.559  INFO 2008 --- [main] com.zaxxer.hikari.HikariDataSource       : HikariPool-1 - Starting...
2021-07-25 07:58:44.316  INFO 2008 --- [main] com.zaxxer.hikari.HikariDataSource       : HikariPool-1 - Start completed.
2021-07-25 07:58:46.736  INFO 2008 --- [main] j.LocalContainerEntityManagerFactoryBean : Initialized JPA EntityManagerFactory for persistence unit 'default'
2021-07-25 07:58:47.960  WARN 2008 --- [main] JpaBaseConfiguration$JpaWebConfiguration : spring.jpa.open-in-view is enabled by default. Therefore, database queries may be performed during view rendering. Explicitly configure spring.jpa.open-in-view to disable this warning
2021-07-25 07:58:48.789  INFO 2008 --- [main] o.s.b.w.embedded.tomcat.TomcatWebServer  : Tomcat started on port(s): 8080 (http) with context path ''
2021-07-25 07:58:48.807  INFO 2008 --- [main] c.i.e.ElektronskiDnevnikApplication      : Started ElektronskiDnevnikApplication in 11.029 seconds (JVM running for 13.516)
2021-07-25 07:59:15.673  INFO 2008 --- [http-nio-8080-exec-3] o.a.c.c.C.[Tomcat].[localhost].[/]       : Initializing Spring DispatcherServlet 'dispatcherServlet'
2021-07-25 07:59:15.674  INFO 2008 --- [http-nio-8080-exec-3] o.s.web.servlet.DispatcherServlet        : Initializing Servlet 'dispatcherServlet'
2021-07-25 07:59:15.677  INFO 2008 --- [http-nio-8080-exec-3] o.s.web.servlet.DispatcherServlet        : Completed initialization in 2 ms
2021-07-25 07:59:16.496 ERROR 2008 --- [http-nio-8080-exec-3] o.a.c.c.C.[.[.[/].[dispatcherServlet]    : Servlet.service() for servlet [dispatcherServlet] in context with path [] threw exception [Request processing failed; nested exception is javax.validation.UnexpectedTypeException: HV000030: No validator could be found for constraint 'javax.validation.constraints.NotBlank' validating type 'java.lang.Integer'. Check configuration for 'value'] with root cause

javax.validation.UnexpectedTypeException: HV000030: No validator could be found for constraint 'javax.validation.constraints.NotBlank' validating type 'java.lang.Integer'. Check configuration for 'value'
	at org.hibernate.validator.internal.engine.constraintvalidation.ConstraintTree.getExceptionForNullValidator(ConstraintTree.java:116) ~[hibernate-validator-6.2.0.Final.jar:6.2.0.Final]
	at org.hibernate.validator.internal.engine.constraintvalidation.ConstraintTree.getInitializedConstraintValidator(ConstraintTree.java:162) ~[hibernate-validator-6.2.0.Final.jar:6.2.0.Final]
	at org.hibernate.validator.internal.engine.constraintvalidation.SimpleConstraintTree.validateConstraints(SimpleConstraintTree.java:54) ~[hibernate-validator-6.2.0.Final.jar:6.2.0.Final]
	at org.hibernate.validator.internal.engine.constraintvalidation.ConstraintTree.validateConstraints(ConstraintTree.java:75) ~[hibernate-validator-6.2.0.Final.jar:6.2.0.Final]
	at org.hibernate.validator.internal.metadata.core.MetaConstraint.doValidateConstraint(MetaConstraint.java:130) ~[hibernate-validator-6.2.0.Final.jar:6.2.0.Final]
	at org.hibernate.validator.internal.metadata.core.MetaConstraint.validateConstraint(MetaConstraint.java:123) ~[hibernate-validator-6.2.0.Final.jar:6.2.0.Final]
	at org.hibernate.validator.internal.engine.ValidatorImpl.validateMetaConstraint(ValidatorImpl.java:555) ~[hibernate-validator-6.2.0.Final.jar:6.2.0.Final]
	at org.hibernate.validator.internal.engine.ValidatorImpl.validateConstraintsForSingleDefaultGroupElement(ValidatorImpl.java:518) ~[hibernate-validator-6.2.0.Final.jar:6.2.0.Final]
	at org.hibernate.validator.internal.engine.ValidatorImpl.validateConstraintsForDefaultGroup(ValidatorImpl.java:488) ~[hibernate-validator-6.2.0.Final.jar:6.2.0.Final]
	at org.hibernate.validator.internal.engine.ValidatorImpl.validateConstraintsForCurrentGroup(ValidatorImpl.java:450) ~[hibernate-validator-6.2.0.Final.jar:6.2.0.Final]
	at org.hibernate.validator.internal.engine.ValidatorImpl.validateInContext(ValidatorImpl.java:400) ~[hibernate-validator-6.2.0.Final.jar:6.2.0.Final]
	at org.hibernate.validator.internal.engine.ValidatorImpl.validate(ValidatorImpl.java:172) ~[hibernate-validator-6.2.0.Final.jar:6.2.0.Final]
	at org.springframework.validation.beanvalidation.SpringValidatorAdapter.validate(SpringValidatorAdapter.java:109) ~[spring-context-5.3.8.jar:5.3.8]
	at org.springframework.boot.autoconfigure.validation.ValidatorAdapter.validate(ValidatorAdapter.java:65) ~[spring-boot-autoconfigure-2.5.2.jar:2.5.2]
	at org.springframework.validation.DataBinder.validate(DataBinder.java:895) ~[spring-context-5.3.8.jar:5.3.8]
	at org.springframework.web.servlet.mvc.method.annotation.AbstractMessageConverterMethodArgumentResolver.validateIfApplicable(AbstractMessageConverterMethodArgumentResolver.java:245) ~[spring-webmvc-5.3.8.jar:5.3.8]
	at org.springframework.web.servlet.mvc.method.annotation.RequestResponseBodyMethodProcessor.resolveArgument(RequestResponseBodyMethodProcessor.java:137) ~[spring-webmvc-5.3.8.jar:5.3.8]
	at org.springframework.web.method.support.HandlerMethodArgumentResolverComposite.resolveArgument(HandlerMethodArgumentResolverComposite.java:121) ~[spring-web-5.3.8.jar:5.3.8]
	at org.springframework.web.method.support.InvocableHandlerMethod.getMethodArgumentValues(InvocableHandlerMethod.java:170) ~[spring-web-5.3.8.jar:5.3.8]
	at org.springframework.web.method.support.InvocableHandlerMethod.invokeForRequest(InvocableHandlerMethod.java:137) ~[spring-web-5.3.8.jar:5.3.8]
	at org.springframework.web.servlet.mvc.method.annotation.ServletInvocableHandlerMethod.invokeAndHandle(ServletInvocableHandlerMethod.java:106) ~[spring-webmvc-5.3.8.jar:5.3.8]
	at org.springframework.web.servlet.mvc.method.annotation.RequestMappingHandlerAdapter.invokeHandlerMethod(RequestMappingHandlerAdapter.java:894) ~[spring-webmvc-5.3.8.jar:5.3.8]
	at org.springframework.web.servlet.mvc.method.annotation.RequestMappingHandlerAdapter.handleInternal(RequestMappingHandlerAdapter.java:808) ~[spring-webmvc-5.3.8.jar:5.3.8]
	at org.springframework.web.servlet.mvc.method.AbstractHandlerMethodAdapter.handle(AbstractHandlerMethodAdapter.java:87) ~[spring-webmvc-5.3.8.jar:5.3.8]
	at org.springframework.web.servlet.DispatcherServlet.doDispatch(DispatcherServlet.java:1063) ~[spring-webmvc-5.3.8.jar:5.3.8]
	at org.springframework.web.servlet.DispatcherServlet.doService(DispatcherServlet.java:963) ~[spring-webmvc-5.3.8.jar:5.3.8]
	at org.springframework.web.servlet.FrameworkServlet.processRequest(FrameworkServlet.java:1006) ~[spring-webmvc-5.3.8.jar:5.3.8]
	at org.springframework.web.servlet.FrameworkServlet.doPost(FrameworkServlet.java:909) ~[spring-webmvc-5.3.8.jar:5.3.8]
	at javax.servlet.http.HttpServlet.service(HttpServlet.java:681) ~[tomcat-embed-core-9.0.48.jar:4.0.FR]
	at org.springframework.web.servlet.FrameworkServlet.service(FrameworkServlet.java:883) ~[spring-webmvc-5.3.8.jar:5.3.8]
	at javax.servlet.http.HttpServlet.service(HttpServlet.java:764) ~[tomcat-embed-core-9.0.48.jar:4.0.FR]
	at org.apache.catalina.core.ApplicationFilterChain.internalDoFilter(ApplicationFilterChain.java:228) ~[tomcat-embed-core-9.0.48.jar:9.0.48]
	at org.apache.catalina.core.ApplicationFilterChain.doFilter(ApplicationFilterChain.java:163) ~[tomcat-embed-core-9.0.48.jar:9.0.48]
	at org.apache.tomcat.websocket.server.WsFilter.doFilter(WsFilter.java:53) ~[tomcat-embed-websocket-9.0.48.jar:9.0.48]
	at org.apache.catalina.core.ApplicationFilterChain.internalDoFilter(ApplicationFilterChain.java:190) ~[tomcat-embed-core-9.0.48.jar:9.0.48]
	at org.apache.catalina.core.ApplicationFilterChain.doFilter(ApplicationFilterChain.java:163) ~[tomcat-embed-core-9.0.48.jar:9.0.48]
	at org.springframework.web.filter.RequestContextFilter.doFilterInternal(RequestContextFilter.java:100) ~[spring-web-5.3.8.jar:5.3.8]
	at org.springframework.web.filter.OncePerRequestFilter.doFilter(OncePerRequestFilter.java:119) ~[spring-web-5.3.8.jar:5.3.8]
	at org.apache.catalina.core.ApplicationFilterChain.internalDoFilter(ApplicationFilterChain.java:190) ~[tomcat-embed-core-9.0.48.jar:9.0.48]
	at org.apache.catalina.core.ApplicationFilterChain.doFilter(ApplicationFilterChain.java:163) ~[tomcat-embed-core-9.0.48.jar:9.0.48]
	at org.springframework.web.filter.FormContentFilter.doFilterInternal(FormContentFilter.java:93) ~[spring-web-5.3.8.jar:5.3.8]
	at org.springframework.web.filter.OncePerRequestFilter.doFilter(OncePerRequestFilter.java:119) ~[spring-web-5.3.8.jar:5.3.8]
	at org.apache.catalina.core.ApplicationFilterChain.internalDoFilter(ApplicationFilterChain.java:190) ~[tomcat-embed-core-9.0.48.jar:9.0.48]
	at org.apache.catalina.core.ApplicationFilterChain.doFilter(ApplicationFilterChain.java:163) ~[tomcat-embed-core-9.0.48.jar:9.0.48]
	at org.springframework.web.filter.CharacterEncodingFilter.doFilterInternal(CharacterEncodingFilter.java:201) ~[spring-web-5.3.8.jar:5.3.8]
	at org.springframework.web.filter.OncePerRequestFilter.doFilter(OncePerRequestFilter.java:119) ~[spring-web-5.3.8.jar:5.3.8]
	at org.apache.catalina.core.ApplicationFilterChain.internalDoFilter(ApplicationFilterChain.java:190) ~[tomcat-embed-core-9.0.48.jar:9.0.48]
	at org.apache.catalina.core.ApplicationFilterChain.doFilter(ApplicationFilterChain.java:163) ~[tomcat-embed-core-9.0.48.jar:9.0.48]
	at org.apache.catalina.core.StandardWrapperValve.invoke(StandardWrapperValve.java:202) ~[tomcat-embed-core-9.0.48.jar:9.0.48]
	at org.apache.catalina.core.StandardContextValve.invoke(StandardContextValve.java:97) ~[tomcat-embed-core-9.0.48.jar:9.0.48]
	at org.apache.catalina.authenticator.AuthenticatorBase.invoke(AuthenticatorBase.java:542) ~[tomcat-embed-core-9.0.48.jar:9.0.48]
	at org.apache.catalina.core.StandardHostValve.invoke(StandardHostValve.java:143) ~[tomcat-embed-core-9.0.48.jar:9.0.48]
	at org.apache.catalina.valves.ErrorReportValve.invoke(ErrorReportValve.java:92) ~[tomcat-embed-core-9.0.48.jar:9.0.48]
	at org.apache.catalina.core.StandardEngineValve.invoke(StandardEngineValve.java:78) ~[tomcat-embed-core-9.0.48.jar:9.0.48]
	at org.apache.catalina.connector.CoyoteAdapter.service(CoyoteAdapter.java:357) ~[tomcat-embed-core-9.0.48.jar:9.0.48]
	at org.apache.coyote.http11.Http11Processor.service(Http11Processor.java:382) ~[tomcat-embed-core-9.0.48.jar:9.0.48]
	at org.apache.coyote.AbstractProcessorLight.process(AbstractProcessorLight.java:65) ~[tomcat-embed-core-9.0.48.jar:9.0.48]
	at org.apache.coyote.AbstractProtocol$ConnectionHandler.process(AbstractProtocol.java:893) ~[tomcat-embed-core-9.0.48.jar:9.0.48]
	at org.apache.tomcat.util.net.NioEndpoint$SocketProcessor.doRun(NioEndpoint.java:1723) ~[tomcat-embed-core-9.0.48.jar:9.0.48]
	at org.apache.tomcat.util.net.SocketProcessorBase.run(SocketProcessorBase.java:49) ~[tomcat-embed-core-9.0.48.jar:9.0.48]
	at java.base/java.util.concurrent.ThreadPoolExecutor.runWorker(ThreadPoolExecutor.java:1130) ~[na:na]
	at java.base/java.util.concurrent.ThreadPoolExecutor$Worker.run(ThreadPoolExecutor.java:630) ~[na:na]
	at org.apache.tomcat.util.threads.TaskThread$WrappingRunnable.run(TaskThread.java:61) ~[tomcat-embed-core-9.0.48.jar:9.0.48]
	at java.base/java.lang.Thread.run(Thread.java:832) ~[na:na]

2021-07-25 08:00:44.539  INFO 2008 --- [RMI TCP Connection(8)-127.0.0.1] inMXBeanRegistrar$SpringApplicationAdmin : Application shutdown requested.
2021-07-25 08:00:44.586  INFO 2008 --- [RMI TCP Connection(8)-127.0.0.1] j.LocalContainerEntityManagerFactoryBean : Closing JPA EntityManagerFactory for persistence unit 'default'
2021-07-25 08:00:44.591  INFO 2008 --- [RMI TCP Connection(8)-127.0.0.1] com.zaxxer.hikari.HikariDataSource       : HikariPool-1 - Shutdown initiated...
2021-07-25 08:00:44.609  INFO 2008 --- [RMI TCP Connection(8)-127.0.0.1] com.zaxxer.hikari.HikariDataSource       : HikariPool-1 - Shutdown completed.
2021-07-25 08:00:54.855  INFO 1424 --- [main] c.i.e.ElektronskiDnevnikApplication      : Starting ElektronskiDnevnikApplication using Java 15.0.2 on Tara-HP with PID 1424 (C:\elektronskiDnevnik\target\classes started by vujcic in C:\elektronskiDnevnik)
2021-07-25 08:00:54.862  INFO 1424 --- [main] c.i.e.ElektronskiDnevnikApplication      : No active profile set, falling back to default profiles: default
2021-07-25 08:00:56.811  INFO 1424 --- [main] .s.d.r.c.RepositoryConfigurationDelegate : Bootstrapping Spring Data JPA repositories in DEFAULT mode.
2021-07-25 08:00:57.041  INFO 1424 --- [main] .s.d.r.c.RepositoryConfigurationDelegate : Finished Spring Data repository scanning in 209 ms. Found 10 JPA repository interfaces.
2021-07-25 08:00:58.160  INFO 1424 --- [main] o.s.b.w.embedded.tomcat.TomcatWebServer  : Tomcat initialized with port(s): 8080 (http)
2021-07-25 08:00:58.180  INFO 1424 --- [main] o.apache.catalina.core.StandardService   : Starting service [Tomcat]
2021-07-25 08:00:58.181  INFO 1424 --- [main] org.apache.catalina.core.StandardEngine  : Starting Servlet engine: [Apache Tomcat/9.0.48]
2021-07-25 08:00:58.504  INFO 1424 --- [main] o.a.c.c.C.[Tomcat].[localhost].[/]       : Initializing Spring embedded WebApplicationContext
2021-07-25 08:00:58.506  INFO 1424 --- [main] w.s.c.ServletWebServerApplicationContext : Root WebApplicationContext: initialization completed in 3525 ms
2021-07-25 08:00:59.489  INFO 1424 --- [main] com.zaxxer.hikari.HikariDataSource       : HikariPool-1 - Starting...
2021-07-25 08:01:00.155  INFO 1424 --- [main] com.zaxxer.hikari.HikariDataSource       : HikariPool-1 - Start completed.
2021-07-25 08:01:02.455  INFO 1424 --- [main] j.LocalContainerEntityManagerFactoryBean : Initialized JPA EntityManagerFactory for persistence unit 'default'
2021-07-25 08:01:03.467  WARN 1424 --- [main] JpaBaseConfiguration$JpaWebConfiguration : spring.jpa.open-in-view is enabled by default. Therefore, database queries may be performed during view rendering. Explicitly configure spring.jpa.open-in-view to disable this warning
2021-07-25 08:01:04.194  INFO 1424 --- [main] o.s.b.w.embedded.tomcat.TomcatWebServer  : Tomcat started on port(s): 8080 (http) with context path ''
2021-07-25 08:01:04.214  INFO 1424 --- [main] c.i.e.ElektronskiDnevnikApplication      : Started ElektronskiDnevnikApplication in 10.332 seconds (JVM running for 12.845)
2021-07-25 08:01:13.344  INFO 1424 --- [http-nio-8080-exec-1] o.a.c.c.C.[Tomcat].[localhost].[/]       : Initializing Spring DispatcherServlet 'dispatcherServlet'
2021-07-25 08:01:13.353  INFO 1424 --- [http-nio-8080-exec-1] o.s.web.servlet.DispatcherServlet        : Initializing Servlet 'dispatcherServlet'
2021-07-25 08:01:13.356  INFO 1424 --- [http-nio-8080-exec-1] o.s.web.servlet.DispatcherServlet        : Completed initialization in 3 ms
2021-07-25 08:01:14.359 ERROR 1424 --- [http-nio-8080-exec-1] o.a.c.c.C.[.[.[/].[dispatcherServlet]    : Servlet.service() for servlet [dispatcherServlet] in context with path [] threw exception [Request processing failed; nested exception is javax.validation.UnexpectedTypeException: HV000030: No validator could be found for constraint 'javax.validation.constraints.NotBlank' validating type 'java.lang.Integer'. Check configuration for 'semester'] with root cause

javax.validation.UnexpectedTypeException: HV000030: No validator could be found for constraint 'javax.validation.constraints.NotBlank' validating type 'java.lang.Integer'. Check configuration for 'semester'
	at org.hibernate.validator.internal.engine.constraintvalidation.ConstraintTree.getExceptionForNullValidator(ConstraintTree.java:116) ~[hibernate-validator-6.2.0.Final.jar:6.2.0.Final]
	at org.hibernate.validator.internal.engine.constraintvalidation.ConstraintTree.getInitializedConstraintValidator(ConstraintTree.java:162) ~[hibernate-validator-6.2.0.Final.jar:6.2.0.Final]
	at org.hibernate.validator.internal.engine.constraintvalidation.SimpleConstraintTree.validateConstraints(SimpleConstraintTree.java:54) ~[hibernate-validator-6.2.0.Final.jar:6.2.0.Final]
	at org.hibernate.validator.internal.engine.constraintvalidation.ConstraintTree.validateConstraints(ConstraintTree.java:75) ~[hibernate-validator-6.2.0.Final.jar:6.2.0.Final]
	at org.hibernate.validator.internal.metadata.core.MetaConstraint.doValidateConstraint(MetaConstraint.java:130) ~[hibernate-validator-6.2.0.Final.jar:6.2.0.Final]
	at org.hibernate.validator.internal.metadata.core.MetaConstraint.validateConstraint(MetaConstraint.java:123) ~[hibernate-validator-6.2.0.Final.jar:6.2.0.Final]
	at org.hibernate.validator.internal.engine.ValidatorImpl.validateMetaConstraint(ValidatorImpl.java:555) ~[hibernate-validator-6.2.0.Final.jar:6.2.0.Final]
	at org.hibernate.validator.internal.engine.ValidatorImpl.validateConstraintsForSingleDefaultGroupElement(ValidatorImpl.java:518) ~[hibernate-validator-6.2.0.Final.jar:6.2.0.Final]
	at org.hibernate.validator.internal.engine.ValidatorImpl.validateConstraintsForDefaultGroup(ValidatorImpl.java:488) ~[hibernate-validator-6.2.0.Final.jar:6.2.0.Final]
	at org.hibernate.validator.internal.engine.ValidatorImpl.validateConstraintsForCurrentGroup(ValidatorImpl.java:450) ~[hibernate-validator-6.2.0.Final.jar:6.2.0.Final]
	at org.hibernate.validator.internal.engine.ValidatorImpl.validateInContext(ValidatorImpl.java:400) ~[hibernate-validator-6.2.0.Final.jar:6.2.0.Final]
	at org.hibernate.validator.internal.engine.ValidatorImpl.validate(ValidatorImpl.java:172) ~[hibernate-validator-6.2.0.Final.jar:6.2.0.Final]
	at org.springframework.validation.beanvalidation.SpringValidatorAdapter.validate(SpringValidatorAdapter.java:109) ~[spring-context-5.3.8.jar:5.3.8]
	at org.springframework.boot.autoconfigure.validation.ValidatorAdapter.validate(ValidatorAdapter.java:65) ~[spring-boot-autoconfigure-2.5.2.jar:2.5.2]
	at org.springframework.validation.DataBinder.validate(DataBinder.java:895) ~[spring-context-5.3.8.jar:5.3.8]
	at org.springframework.web.servlet.mvc.method.annotation.AbstractMessageConverterMethodArgumentResolver.validateIfApplicable(AbstractMessageConverterMethodArgumentResolver.java:245) ~[spring-webmvc-5.3.8.jar:5.3.8]
	at org.springframework.web.servlet.mvc.method.annotation.RequestResponseBodyMethodProcessor.resolveArgument(RequestResponseBodyMethodProcessor.java:137) ~[spring-webmvc-5.3.8.jar:5.3.8]
	at org.springframework.web.method.support.HandlerMethodArgumentResolverComposite.resolveArgument(HandlerMethodArgumentResolverComposite.java:121) ~[spring-web-5.3.8.jar:5.3.8]
	at org.springframework.web.method.support.InvocableHandlerMethod.getMethodArgumentValues(InvocableHandlerMethod.java:170) ~[spring-web-5.3.8.jar:5.3.8]
	at org.springframework.web.method.support.InvocableHandlerMethod.invokeForRequest(InvocableHandlerMethod.java:137) ~[spring-web-5.3.8.jar:5.3.8]
	at org.springframework.web.servlet.mvc.method.annotation.ServletInvocableHandlerMethod.invokeAndHandle(ServletInvocableHandlerMethod.java:106) ~[spring-webmvc-5.3.8.jar:5.3.8]
	at org.springframework.web.servlet.mvc.method.annotation.RequestMappingHandlerAdapter.invokeHandlerMethod(RequestMappingHandlerAdapter.java:894) ~[spring-webmvc-5.3.8.jar:5.3.8]
	at org.springframework.web.servlet.mvc.method.annotation.RequestMappingHandlerAdapter.handleInternal(RequestMappingHandlerAdapter.java:808) ~[spring-webmvc-5.3.8.jar:5.3.8]
	at org.springframework.web.servlet.mvc.method.AbstractHandlerMethodAdapter.handle(AbstractHandlerMethodAdapter.java:87) ~[spring-webmvc-5.3.8.jar:5.3.8]
	at org.springframework.web.servlet.DispatcherServlet.doDispatch(DispatcherServlet.java:1063) ~[spring-webmvc-5.3.8.jar:5.3.8]
	at org.springframework.web.servlet.DispatcherServlet.doService(DispatcherServlet.java:963) ~[spring-webmvc-5.3.8.jar:5.3.8]
	at org.springframework.web.servlet.FrameworkServlet.processRequest(FrameworkServlet.java:1006) ~[spring-webmvc-5.3.8.jar:5.3.8]
	at org.springframework.web.servlet.FrameworkServlet.doPost(FrameworkServlet.java:909) ~[spring-webmvc-5.3.8.jar:5.3.8]
	at javax.servlet.http.HttpServlet.service(HttpServlet.java:681) ~[tomcat-embed-core-9.0.48.jar:4.0.FR]
	at org.springframework.web.servlet.FrameworkServlet.service(FrameworkServlet.java:883) ~[spring-webmvc-5.3.8.jar:5.3.8]
	at javax.servlet.http.HttpServlet.service(HttpServlet.java:764) ~[tomcat-embed-core-9.0.48.jar:4.0.FR]
	at org.apache.catalina.core.ApplicationFilterChain.internalDoFilter(ApplicationFilterChain.java:228) ~[tomcat-embed-core-9.0.48.jar:9.0.48]
	at org.apache.catalina.core.ApplicationFilterChain.doFilter(ApplicationFilterChain.java:163) ~[tomcat-embed-core-9.0.48.jar:9.0.48]
	at org.apache.tomcat.websocket.server.WsFilter.doFilter(WsFilter.java:53) ~[tomcat-embed-websocket-9.0.48.jar:9.0.48]
	at org.apache.catalina.core.ApplicationFilterChain.internalDoFilter(ApplicationFilterChain.java:190) ~[tomcat-embed-core-9.0.48.jar:9.0.48]
	at org.apache.catalina.core.ApplicationFilterChain.doFilter(ApplicationFilterChain.java:163) ~[tomcat-embed-core-9.0.48.jar:9.0.48]
	at org.springframework.web.filter.RequestContextFilter.doFilterInternal(RequestContextFilter.java:100) ~[spring-web-5.3.8.jar:5.3.8]
	at org.springframework.web.filter.OncePerRequestFilter.doFilter(OncePerRequestFilter.java:119) ~[spring-web-5.3.8.jar:5.3.8]
	at org.apache.catalina.core.ApplicationFilterChain.internalDoFilter(ApplicationFilterChain.java:190) ~[tomcat-embed-core-9.0.48.jar:9.0.48]
	at org.apache.catalina.core.ApplicationFilterChain.doFilter(ApplicationFilterChain.java:163) ~[tomcat-embed-core-9.0.48.jar:9.0.48]
	at org.springframework.web.filter.FormContentFilter.doFilterInternal(FormContentFilter.java:93) ~[spring-web-5.3.8.jar:5.3.8]
	at org.springframework.web.filter.OncePerRequestFilter.doFilter(OncePerRequestFilter.java:119) ~[spring-web-5.3.8.jar:5.3.8]
	at org.apache.catalina.core.ApplicationFilterChain.internalDoFilter(ApplicationFilterChain.java:190) ~[tomcat-embed-core-9.0.48.jar:9.0.48]
	at org.apache.catalina.core.ApplicationFilterChain.doFilter(ApplicationFilterChain.java:163) ~[tomcat-embed-core-9.0.48.jar:9.0.48]
	at org.springframework.web.filter.CharacterEncodingFilter.doFilterInternal(CharacterEncodingFilter.java:201) ~[spring-web-5.3.8.jar:5.3.8]
	at org.springframework.web.filter.OncePerRequestFilter.doFilter(OncePerRequestFilter.java:119) ~[spring-web-5.3.8.jar:5.3.8]
	at org.apache.catalina.core.ApplicationFilterChain.internalDoFilter(ApplicationFilterChain.java:190) ~[tomcat-embed-core-9.0.48.jar:9.0.48]
	at org.apache.catalina.core.ApplicationFilterChain.doFilter(ApplicationFilterChain.java:163) ~[tomcat-embed-core-9.0.48.jar:9.0.48]
	at org.apache.catalina.core.StandardWrapperValve.invoke(StandardWrapperValve.java:202) ~[tomcat-embed-core-9.0.48.jar:9.0.48]
	at org.apache.catalina.core.StandardContextValve.invoke(StandardContextValve.java:97) ~[tomcat-embed-core-9.0.48.jar:9.0.48]
	at org.apache.catalina.authenticator.AuthenticatorBase.invoke(AuthenticatorBase.java:542) ~[tomcat-embed-core-9.0.48.jar:9.0.48]
	at org.apache.catalina.core.StandardHostValve.invoke(StandardHostValve.java:143) ~[tomcat-embed-core-9.0.48.jar:9.0.48]
	at org.apache.catalina.valves.ErrorReportValve.invoke(ErrorReportValve.java:92) ~[tomcat-embed-core-9.0.48.jar:9.0.48]
	at org.apache.catalina.core.StandardEngineValve.invoke(StandardEngineValve.java:78) ~[tomcat-embed-core-9.0.48.jar:9.0.48]
	at org.apache.catalina.connector.CoyoteAdapter.service(CoyoteAdapter.java:357) ~[tomcat-embed-core-9.0.48.jar:9.0.48]
	at org.apache.coyote.http11.Http11Processor.service(Http11Processor.java:382) ~[tomcat-embed-core-9.0.48.jar:9.0.48]
	at org.apache.coyote.AbstractProcessorLight.process(AbstractProcessorLight.java:65) ~[tomcat-embed-core-9.0.48.jar:9.0.48]
	at org.apache.coyote.AbstractProtocol$ConnectionHandler.process(AbstractProtocol.java:893) ~[tomcat-embed-core-9.0.48.jar:9.0.48]
	at org.apache.tomcat.util.net.NioEndpoint$SocketProcessor.doRun(NioEndpoint.java:1723) ~[tomcat-embed-core-9.0.48.jar:9.0.48]
	at org.apache.tomcat.util.net.SocketProcessorBase.run(SocketProcessorBase.java:49) ~[tomcat-embed-core-9.0.48.jar:9.0.48]
	at java.base/java.util.concurrent.ThreadPoolExecutor.runWorker(ThreadPoolExecutor.java:1130) ~[na:na]
	at java.base/java.util.concurrent.ThreadPoolExecutor$Worker.run(ThreadPoolExecutor.java:630) ~[na:na]
	at org.apache.tomcat.util.threads.TaskThread$WrappingRunnable.run(TaskThread.java:61) ~[tomcat-embed-core-9.0.48.jar:9.0.48]
	at java.base/java.lang.Thread.run(Thread.java:832) ~[na:na]

2021-07-25 08:02:12.566  INFO 1424 --- [RMI TCP Connection(7)-127.0.0.1] inMXBeanRegistrar$SpringApplicationAdmin : Application shutdown requested.
2021-07-25 08:02:12.646  INFO 1424 --- [RMI TCP Connection(7)-127.0.0.1] j.LocalContainerEntityManagerFactoryBean : Closing JPA EntityManagerFactory for persistence unit 'default'
2021-07-25 08:02:12.656  INFO 1424 --- [RMI TCP Connection(7)-127.0.0.1] com.zaxxer.hikari.HikariDataSource       : HikariPool-1 - Shutdown initiated...
2021-07-25 08:02:12.688  INFO 1424 --- [RMI TCP Connection(7)-127.0.0.1] com.zaxxer.hikari.HikariDataSource       : HikariPool-1 - Shutdown completed.
2021-07-25 08:02:22.739  INFO 10544 --- [main] c.i.e.ElektronskiDnevnikApplication      : Starting ElektronskiDnevnikApplication using Java 15.0.2 on Tara-HP with PID 10544 (C:\elektronskiDnevnik\target\classes started by vujcic in C:\elektronskiDnevnik)
2021-07-25 08:02:22.746  INFO 10544 --- [main] c.i.e.ElektronskiDnevnikApplication      : No active profile set, falling back to default profiles: default
2021-07-25 08:02:24.654  INFO 10544 --- [main] .s.d.r.c.RepositoryConfigurationDelegate : Bootstrapping Spring Data JPA repositories in DEFAULT mode.
2021-07-25 08:02:24.892  INFO 10544 --- [main] .s.d.r.c.RepositoryConfigurationDelegate : Finished Spring Data repository scanning in 218 ms. Found 10 JPA repository interfaces.
2021-07-25 08:02:26.053  INFO 10544 --- [main] o.s.b.w.embedded.tomcat.TomcatWebServer  : Tomcat initialized with port(s): 8080 (http)
2021-07-25 08:02:26.074  INFO 10544 --- [main] o.apache.catalina.core.StandardService   : Starting service [Tomcat]
2021-07-25 08:02:26.076  INFO 10544 --- [main] org.apache.catalina.core.StandardEngine  : Starting Servlet engine: [Apache Tomcat/9.0.48]
2021-07-25 08:02:26.363  INFO 10544 --- [main] o.a.c.c.C.[Tomcat].[localhost].[/]       : Initializing Spring embedded WebApplicationContext
2021-07-25 08:02:26.364  INFO 10544 --- [main] w.s.c.ServletWebServerApplicationContext : Root WebApplicationContext: initialization completed in 3482 ms
2021-07-25 08:02:27.319  INFO 10544 --- [main] com.zaxxer.hikari.HikariDataSource       : HikariPool-1 - Starting...
2021-07-25 08:02:28.033  INFO 10544 --- [main] com.zaxxer.hikari.HikariDataSource       : HikariPool-1 - Start completed.
2021-07-25 08:02:30.396  INFO 10544 --- [main] j.LocalContainerEntityManagerFactoryBean : Initialized JPA EntityManagerFactory for persistence unit 'default'
2021-07-25 08:02:31.500  WARN 10544 --- [main] JpaBaseConfiguration$JpaWebConfiguration : spring.jpa.open-in-view is enabled by default. Therefore, database queries may be performed during view rendering. Explicitly configure spring.jpa.open-in-view to disable this warning
2021-07-25 08:02:32.273  INFO 10544 --- [main] o.s.b.w.embedded.tomcat.TomcatWebServer  : Tomcat started on port(s): 8080 (http) with context path ''
2021-07-25 08:02:32.291  INFO 10544 --- [main] c.i.e.ElektronskiDnevnikApplication      : Started ElektronskiDnevnikApplication in 10.589 seconds (JVM running for 13.263)
2021-07-25 08:02:42.770  INFO 10544 --- [http-nio-8080-exec-2] o.a.c.c.C.[Tomcat].[localhost].[/]       : Initializing Spring DispatcherServlet 'dispatcherServlet'
2021-07-25 08:02:42.773  INFO 10544 --- [http-nio-8080-exec-2] o.s.web.servlet.DispatcherServlet        : Initializing Servlet 'dispatcherServlet'
2021-07-25 08:02:42.777  INFO 10544 --- [http-nio-8080-exec-2] o.s.web.servlet.DispatcherServlet        : Completed initialization in 4 ms
2021-07-25 08:03:17.779 ERROR 10544 --- [http-nio-8080-exec-5] o.a.c.c.C.[.[.[/].[dispatcherServlet]    : Servlet.service() for servlet [dispatcherServlet] in context with path [] threw exception [Request processing failed; nested exception is java.lang.IllegalStateException: Invalid target for Validator [com.iktpreobuka.elektronskiDnevnik.controllers.util.UserCustomValidator@7b4c793b]: com.iktpreobuka.elektronskiDnevnik.entities.dto.UserEntityDTO@50ae0033] with root cause

java.lang.IllegalStateException: Invalid target for Validator [com.iktpreobuka.elektronskiDnevnik.controllers.util.UserCustomValidator@7b4c793b]: com.iktpreobuka.elektronskiDnevnik.entities.dto.UserEntityDTO@50ae0033
	at org.springframework.validation.DataBinder.assertValidators(DataBinder.java:545) ~[spring-context-5.3.8.jar:5.3.8]
	at org.springframework.validation.DataBinder.addValidators(DataBinder.java:556) ~[spring-context-5.3.8.jar:5.3.8]
	at com.iktpreobuka.elektronskiDnevnik.controllers.UserController.initBinder(UserController.java:73) ~[classes/:na]
	at java.base/jdk.internal.reflect.NativeMethodAccessorImpl.invoke0(Native Method) ~[na:na]
	at java.base/jdk.internal.reflect.NativeMethodAccessorImpl.invoke(NativeMethodAccessorImpl.java:64) ~[na:na]
	at java.base/jdk.internal.reflect.DelegatingMethodAccessorImpl.invoke(DelegatingMethodAccessorImpl.java:43) ~[na:na]
	at java.base/java.lang.reflect.Method.invoke(Method.java:564) ~[na:na]
	at org.springframework.web.method.support.InvocableHandlerMethod.doInvoke(InvocableHandlerMethod.java:197) ~[spring-web-5.3.8.jar:5.3.8]
	at org.springframework.web.method.support.InvocableHandlerMethod.invokeForRequest(InvocableHandlerMethod.java:141) ~[spring-web-5.3.8.jar:5.3.8]
	at org.springframework.web.method.annotation.InitBinderDataBinderFactory.initBinder(InitBinderDataBinderFactory.java:68) ~[spring-web-5.3.8.jar:5.3.8]
	at org.springframework.web.bind.support.DefaultDataBinderFactory.createBinder(DefaultDataBinderFactory.java:60) ~[spring-web-5.3.8.jar:5.3.8]
	at org.springframework.web.servlet.mvc.method.annotation.RequestResponseBodyMethodProcessor.resolveArgument(RequestResponseBodyMethodProcessor.java:135) ~[spring-webmvc-5.3.8.jar:5.3.8]
	at org.springframework.web.method.support.HandlerMethodArgumentResolverComposite.resolveArgument(HandlerMethodArgumentResolverComposite.java:121) ~[spring-web-5.3.8.jar:5.3.8]
	at org.springframework.web.method.support.InvocableHandlerMethod.getMethodArgumentValues(InvocableHandlerMethod.java:170) ~[spring-web-5.3.8.jar:5.3.8]
	at org.springframework.web.method.support.InvocableHandlerMethod.invokeForRequest(InvocableHandlerMethod.java:137) ~[spring-web-5.3.8.jar:5.3.8]
	at org.springframework.web.servlet.mvc.method.annotation.ServletInvocableHandlerMethod.invokeAndHandle(ServletInvocableHandlerMethod.java:106) ~[spring-webmvc-5.3.8.jar:5.3.8]
	at org.springframework.web.servlet.mvc.method.annotation.RequestMappingHandlerAdapter.invokeHandlerMethod(RequestMappingHandlerAdapter.java:894) ~[spring-webmvc-5.3.8.jar:5.3.8]
	at org.springframework.web.servlet.mvc.method.annotation.RequestMappingHandlerAdapter.handleInternal(RequestMappingHandlerAdapter.java:808) ~[spring-webmvc-5.3.8.jar:5.3.8]
	at org.springframework.web.servlet.mvc.method.AbstractHandlerMethodAdapter.handle(AbstractHandlerMethodAdapter.java:87) ~[spring-webmvc-5.3.8.jar:5.3.8]
	at org.springframework.web.servlet.DispatcherServlet.doDispatch(DispatcherServlet.java:1063) ~[spring-webmvc-5.3.8.jar:5.3.8]
	at org.springframework.web.servlet.DispatcherServlet.doService(DispatcherServlet.java:963) ~[spring-webmvc-5.3.8.jar:5.3.8]
	at org.springframework.web.servlet.FrameworkServlet.processRequest(FrameworkServlet.java:1006) ~[spring-webmvc-5.3.8.jar:5.3.8]
	at org.springframework.web.servlet.FrameworkServlet.doPost(FrameworkServlet.java:909) ~[spring-webmvc-5.3.8.jar:5.3.8]
	at javax.servlet.http.HttpServlet.service(HttpServlet.java:681) ~[tomcat-embed-core-9.0.48.jar:4.0.FR]
	at org.springframework.web.servlet.FrameworkServlet.service(FrameworkServlet.java:883) ~[spring-webmvc-5.3.8.jar:5.3.8]
	at javax.servlet.http.HttpServlet.service(HttpServlet.java:764) ~[tomcat-embed-core-9.0.48.jar:4.0.FR]
	at org.apache.catalina.core.ApplicationFilterChain.internalDoFilter(ApplicationFilterChain.java:228) ~[tomcat-embed-core-9.0.48.jar:9.0.48]
	at org.apache.catalina.core.ApplicationFilterChain.doFilter(ApplicationFilterChain.java:163) ~[tomcat-embed-core-9.0.48.jar:9.0.48]
	at org.apache.tomcat.websocket.server.WsFilter.doFilter(WsFilter.java:53) ~[tomcat-embed-websocket-9.0.48.jar:9.0.48]
	at org.apache.catalina.core.ApplicationFilterChain.internalDoFilter(ApplicationFilterChain.java:190) ~[tomcat-embed-core-9.0.48.jar:9.0.48]
	at org.apache.catalina.core.ApplicationFilterChain.doFilter(ApplicationFilterChain.java:163) ~[tomcat-embed-core-9.0.48.jar:9.0.48]
	at org.springframework.web.filter.RequestContextFilter.doFilterInternal(RequestContextFilter.java:100) ~[spring-web-5.3.8.jar:5.3.8]
	at org.springframework.web.filter.OncePerRequestFilter.doFilter(OncePerRequestFilter.java:119) ~[spring-web-5.3.8.jar:5.3.8]
	at org.apache.catalina.core.ApplicationFilterChain.internalDoFilter(ApplicationFilterChain.java:190) ~[tomcat-embed-core-9.0.48.jar:9.0.48]
	at org.apache.catalina.core.ApplicationFilterChain.doFilter(ApplicationFilterChain.java:163) ~[tomcat-embed-core-9.0.48.jar:9.0.48]
	at org.springframework.web.filter.FormContentFilter.doFilterInternal(FormContentFilter.java:93) ~[spring-web-5.3.8.jar:5.3.8]
	at org.springframework.web.filter.OncePerRequestFilter.doFilter(OncePerRequestFilter.java:119) ~[spring-web-5.3.8.jar:5.3.8]
	at org.apache.catalina.core.ApplicationFilterChain.internalDoFilter(ApplicationFilterChain.java:190) ~[tomcat-embed-core-9.0.48.jar:9.0.48]
	at org.apache.catalina.core.ApplicationFilterChain.doFilter(ApplicationFilterChain.java:163) ~[tomcat-embed-core-9.0.48.jar:9.0.48]
	at org.springframework.web.filter.CharacterEncodingFilter.doFilterInternal(CharacterEncodingFilter.java:201) ~[spring-web-5.3.8.jar:5.3.8]
	at org.springframework.web.filter.OncePerRequestFilter.doFilter(OncePerRequestFilter.java:119) ~[spring-web-5.3.8.jar:5.3.8]
	at org.apache.catalina.core.ApplicationFilterChain.internalDoFilter(ApplicationFilterChain.java:190) ~[tomcat-embed-core-9.0.48.jar:9.0.48]
	at org.apache.catalina.core.ApplicationFilterChain.doFilter(ApplicationFilterChain.java:163) ~[tomcat-embed-core-9.0.48.jar:9.0.48]
	at org.apache.catalina.core.StandardWrapperValve.invoke(StandardWrapperValve.java:202) ~[tomcat-embed-core-9.0.48.jar:9.0.48]
	at org.apache.catalina.core.StandardContextValve.invoke(StandardContextValve.java:97) ~[tomcat-embed-core-9.0.48.jar:9.0.48]
	at org.apache.catalina.authenticator.AuthenticatorBase.invoke(AuthenticatorBase.java:542) ~[tomcat-embed-core-9.0.48.jar:9.0.48]
	at org.apache.catalina.core.StandardHostValve.invoke(StandardHostValve.java:143) ~[tomcat-embed-core-9.0.48.jar:9.0.48]
	at org.apache.catalina.valves.ErrorReportValve.invoke(ErrorReportValve.java:92) ~[tomcat-embed-core-9.0.48.jar:9.0.48]
	at org.apache.catalina.core.StandardEngineValve.invoke(StandardEngineValve.java:78) ~[tomcat-embed-core-9.0.48.jar:9.0.48]
	at org.apache.catalina.connector.CoyoteAdapter.service(CoyoteAdapter.java:357) ~[tomcat-embed-core-9.0.48.jar:9.0.48]
	at org.apache.coyote.http11.Http11Processor.service(Http11Processor.java:382) ~[tomcat-embed-core-9.0.48.jar:9.0.48]
	at org.apache.coyote.AbstractProcessorLight.process(AbstractProcessorLight.java:65) ~[tomcat-embed-core-9.0.48.jar:9.0.48]
	at org.apache.coyote.AbstractProtocol$ConnectionHandler.process(AbstractProtocol.java:893) ~[tomcat-embed-core-9.0.48.jar:9.0.48]
	at org.apache.tomcat.util.net.NioEndpoint$SocketProcessor.doRun(NioEndpoint.java:1723) ~[tomcat-embed-core-9.0.48.jar:9.0.48]
	at org.apache.tomcat.util.net.SocketProcessorBase.run(SocketProcessorBase.java:49) ~[tomcat-embed-core-9.0.48.jar:9.0.48]
	at java.base/java.util.concurrent.ThreadPoolExecutor.runWorker(ThreadPoolExecutor.java:1130) ~[na:na]
	at java.base/java.util.concurrent.ThreadPoolExecutor$Worker.run(ThreadPoolExecutor.java:630) ~[na:na]
	at org.apache.tomcat.util.threads.TaskThread$WrappingRunnable.run(TaskThread.java:61) ~[tomcat-embed-core-9.0.48.jar:9.0.48]
	at java.base/java.lang.Thread.run(Thread.java:832) ~[na:na]

2021-07-25 08:05:55.401 ERROR 10544 --- [http-nio-8080-exec-10] o.a.c.c.C.[.[.[/].[dispatcherServlet]    : Servlet.service() for servlet [dispatcherServlet] in context with path [] threw exception [Request processing failed; nested exception is java.lang.IllegalStateException: Invalid target for Validator [com.iktpreobuka.elektronskiDnevnik.controllers.util.UserCustomValidator@7b4c793b]: com.iktpreobuka.elektronskiDnevnik.entities.dto.UserEntityDTO@47ed53be] with root cause

java.lang.IllegalStateException: Invalid target for Validator [com.iktpreobuka.elektronskiDnevnik.controllers.util.UserCustomValidator@7b4c793b]: com.iktpreobuka.elektronskiDnevnik.entities.dto.UserEntityDTO@47ed53be
	at org.springframework.validation.DataBinder.assertValidators(DataBinder.java:545) ~[spring-context-5.3.8.jar:5.3.8]
	at org.springframework.validation.DataBinder.addValidators(DataBinder.java:556) ~[spring-context-5.3.8.jar:5.3.8]
	at com.iktpreobuka.elektronskiDnevnik.controllers.UserController.initBinder(UserController.java:73) ~[classes/:na]
	at java.base/jdk.internal.reflect.NativeMethodAccessorImpl.invoke0(Native Method) ~[na:na]
	at java.base/jdk.internal.reflect.NativeMethodAccessorImpl.invoke(NativeMethodAccessorImpl.java:64) ~[na:na]
	at java.base/jdk.internal.reflect.DelegatingMethodAccessorImpl.invoke(DelegatingMethodAccessorImpl.java:43) ~[na:na]
	at java.base/java.lang.reflect.Method.invoke(Method.java:564) ~[na:na]
	at org.springframework.web.method.support.InvocableHandlerMethod.doInvoke(InvocableHandlerMethod.java:197) ~[spring-web-5.3.8.jar:5.3.8]
	at org.springframework.web.method.support.InvocableHandlerMethod.invokeForRequest(InvocableHandlerMethod.java:141) ~[spring-web-5.3.8.jar:5.3.8]
	at org.springframework.web.method.annotation.InitBinderDataBinderFactory.initBinder(InitBinderDataBinderFactory.java:68) ~[spring-web-5.3.8.jar:5.3.8]
	at org.springframework.web.bind.support.DefaultDataBinderFactory.createBinder(DefaultDataBinderFactory.java:60) ~[spring-web-5.3.8.jar:5.3.8]
	at org.springframework.web.servlet.mvc.method.annotation.RequestResponseBodyMethodProcessor.resolveArgument(RequestResponseBodyMethodProcessor.java:135) ~[spring-webmvc-5.3.8.jar:5.3.8]
	at org.springframework.web.method.support.HandlerMethodArgumentResolverComposite.resolveArgument(HandlerMethodArgumentResolverComposite.java:121) ~[spring-web-5.3.8.jar:5.3.8]
	at org.springframework.web.method.support.InvocableHandlerMethod.getMethodArgumentValues(InvocableHandlerMethod.java:170) ~[spring-web-5.3.8.jar:5.3.8]
	at org.springframework.web.method.support.InvocableHandlerMethod.invokeForRequest(InvocableHandlerMethod.java:137) ~[spring-web-5.3.8.jar:5.3.8]
	at org.springframework.web.servlet.mvc.method.annotation.ServletInvocableHandlerMethod.invokeAndHandle(ServletInvocableHandlerMethod.java:106) ~[spring-webmvc-5.3.8.jar:5.3.8]
	at org.springframework.web.servlet.mvc.method.annotation.RequestMappingHandlerAdapter.invokeHandlerMethod(RequestMappingHandlerAdapter.java:894) ~[spring-webmvc-5.3.8.jar:5.3.8]
	at org.springframework.web.servlet.mvc.method.annotation.RequestMappingHandlerAdapter.handleInternal(RequestMappingHandlerAdapter.java:808) ~[spring-webmvc-5.3.8.jar:5.3.8]
	at org.springframework.web.servlet.mvc.method.AbstractHandlerMethodAdapter.handle(AbstractHandlerMethodAdapter.java:87) ~[spring-webmvc-5.3.8.jar:5.3.8]
	at org.springframework.web.servlet.DispatcherServlet.doDispatch(DispatcherServlet.java:1063) ~[spring-webmvc-5.3.8.jar:5.3.8]
	at org.springframework.web.servlet.DispatcherServlet.doService(DispatcherServlet.java:963) ~[spring-webmvc-5.3.8.jar:5.3.8]
	at org.springframework.web.servlet.FrameworkServlet.processRequest(FrameworkServlet.java:1006) ~[spring-webmvc-5.3.8.jar:5.3.8]
	at org.springframework.web.servlet.FrameworkServlet.service(FrameworkServlet.java:880) ~[spring-webmvc-5.3.8.jar:5.3.8]
	at javax.servlet.http.HttpServlet.service(HttpServlet.java:764) ~[tomcat-embed-core-9.0.48.jar:4.0.FR]
	at org.apache.catalina.core.ApplicationFilterChain.internalDoFilter(ApplicationFilterChain.java:228) ~[tomcat-embed-core-9.0.48.jar:9.0.48]
	at org.apache.catalina.core.ApplicationFilterChain.doFilter(ApplicationFilterChain.java:163) ~[tomcat-embed-core-9.0.48.jar:9.0.48]
	at org.apache.tomcat.websocket.server.WsFilter.doFilter(WsFilter.java:53) ~[tomcat-embed-websocket-9.0.48.jar:9.0.48]
	at org.apache.catalina.core.ApplicationFilterChain.internalDoFilter(ApplicationFilterChain.java:190) ~[tomcat-embed-core-9.0.48.jar:9.0.48]
	at org.apache.catalina.core.ApplicationFilterChain.doFilter(ApplicationFilterChain.java:163) ~[tomcat-embed-core-9.0.48.jar:9.0.48]
	at org.springframework.web.filter.RequestContextFilter.doFilterInternal(RequestContextFilter.java:100) ~[spring-web-5.3.8.jar:5.3.8]
	at org.springframework.web.filter.OncePerRequestFilter.doFilter(OncePerRequestFilter.java:119) ~[spring-web-5.3.8.jar:5.3.8]
	at org.apache.catalina.core.ApplicationFilterChain.internalDoFilter(ApplicationFilterChain.java:190) ~[tomcat-embed-core-9.0.48.jar:9.0.48]
	at org.apache.catalina.core.ApplicationFilterChain.doFilter(ApplicationFilterChain.java:163) ~[tomcat-embed-core-9.0.48.jar:9.0.48]
	at org.springframework.web.filter.FormContentFilter.doFilterInternal(FormContentFilter.java:93) ~[spring-web-5.3.8.jar:5.3.8]
	at org.springframework.web.filter.OncePerRequestFilter.doFilter(OncePerRequestFilter.java:119) ~[spring-web-5.3.8.jar:5.3.8]
	at org.apache.catalina.core.ApplicationFilterChain.internalDoFilter(ApplicationFilterChain.java:190) ~[tomcat-embed-core-9.0.48.jar:9.0.48]
	at org.apache.catalina.core.ApplicationFilterChain.doFilter(ApplicationFilterChain.java:163) ~[tomcat-embed-core-9.0.48.jar:9.0.48]
	at org.springframework.web.filter.CharacterEncodingFilter.doFilterInternal(CharacterEncodingFilter.java:201) ~[spring-web-5.3.8.jar:5.3.8]
	at org.springframework.web.filter.OncePerRequestFilter.doFilter(OncePerRequestFilter.java:119) ~[spring-web-5.3.8.jar:5.3.8]
	at org.apache.catalina.core.ApplicationFilterChain.internalDoFilter(ApplicationFilterChain.java:190) ~[tomcat-embed-core-9.0.48.jar:9.0.48]
	at org.apache.catalina.core.ApplicationFilterChain.doFilter(ApplicationFilterChain.java:163) ~[tomcat-embed-core-9.0.48.jar:9.0.48]
	at org.apache.catalina.core.StandardWrapperValve.invoke(StandardWrapperValve.java:202) ~[tomcat-embed-core-9.0.48.jar:9.0.48]
	at org.apache.catalina.core.StandardContextValve.invoke(StandardContextValve.java:97) ~[tomcat-embed-core-9.0.48.jar:9.0.48]
	at org.apache.catalina.authenticator.AuthenticatorBase.invoke(AuthenticatorBase.java:542) ~[tomcat-embed-core-9.0.48.jar:9.0.48]
	at org.apache.catalina.core.StandardHostValve.invoke(StandardHostValve.java:143) ~[tomcat-embed-core-9.0.48.jar:9.0.48]
	at org.apache.catalina.valves.ErrorReportValve.invoke(ErrorReportValve.java:92) ~[tomcat-embed-core-9.0.48.jar:9.0.48]
	at org.apache.catalina.core.StandardEngineValve.invoke(StandardEngineValve.java:78) ~[tomcat-embed-core-9.0.48.jar:9.0.48]
	at org.apache.catalina.connector.CoyoteAdapter.service(CoyoteAdapter.java:357) ~[tomcat-embed-core-9.0.48.jar:9.0.48]
	at org.apache.coyote.http11.Http11Processor.service(Http11Processor.java:382) ~[tomcat-embed-core-9.0.48.jar:9.0.48]
	at org.apache.coyote.AbstractProcessorLight.process(AbstractProcessorLight.java:65) ~[tomcat-embed-core-9.0.48.jar:9.0.48]
	at org.apache.coyote.AbstractProtocol$ConnectionHandler.process(AbstractProtocol.java:893) ~[tomcat-embed-core-9.0.48.jar:9.0.48]
	at org.apache.tomcat.util.net.NioEndpoint$SocketProcessor.doRun(NioEndpoint.java:1723) ~[tomcat-embed-core-9.0.48.jar:9.0.48]
	at org.apache.tomcat.util.net.SocketProcessorBase.run(SocketProcessorBase.java:49) ~[tomcat-embed-core-9.0.48.jar:9.0.48]
	at java.base/java.util.concurrent.ThreadPoolExecutor.runWorker(ThreadPoolExecutor.java:1130) ~[na:na]
	at java.base/java.util.concurrent.ThreadPoolExecutor$Worker.run(ThreadPoolExecutor.java:630) ~[na:na]
	at org.apache.tomcat.util.threads.TaskThread$WrappingRunnable.run(TaskThread.java:61) ~[tomcat-embed-core-9.0.48.jar:9.0.48]
	at java.base/java.lang.Thread.run(Thread.java:832) ~[na:na]

2021-07-25 08:07:19.474  INFO 10544 --- [RMI TCP Connection(10)-127.0.0.1] inMXBeanRegistrar$SpringApplicationAdmin : Application shutdown requested.
2021-07-25 08:07:19.554  INFO 10544 --- [RMI TCP Connection(10)-127.0.0.1] j.LocalContainerEntityManagerFactoryBean : Closing JPA EntityManagerFactory for persistence unit 'default'
2021-07-25 08:07:19.559  INFO 10544 --- [RMI TCP Connection(10)-127.0.0.1] com.zaxxer.hikari.HikariDataSource       : HikariPool-1 - Shutdown initiated...
2021-07-25 08:07:19.585  INFO 10544 --- [RMI TCP Connection(10)-127.0.0.1] com.zaxxer.hikari.HikariDataSource       : HikariPool-1 - Shutdown completed.
2021-07-25 08:07:30.180  INFO 10088 --- [main] c.i.e.ElektronskiDnevnikApplication      : Starting ElektronskiDnevnikApplication using Java 15.0.2 on Tara-HP with PID 10088 (C:\elektronskiDnevnik\target\classes started by vujcic in C:\elektronskiDnevnik)
2021-07-25 08:07:30.189  INFO 10088 --- [main] c.i.e.ElektronskiDnevnikApplication      : No active profile set, falling back to default profiles: default
2021-07-25 08:07:32.212  INFO 10088 --- [main] .s.d.r.c.RepositoryConfigurationDelegate : Bootstrapping Spring Data JPA repositories in DEFAULT mode.
2021-07-25 08:07:32.423  INFO 10088 --- [main] .s.d.r.c.RepositoryConfigurationDelegate : Finished Spring Data repository scanning in 193 ms. Found 10 JPA repository interfaces.
2021-07-25 08:07:33.550  INFO 10088 --- [main] o.s.b.w.embedded.tomcat.TomcatWebServer  : Tomcat initialized with port(s): 8080 (http)
2021-07-25 08:07:33.571  INFO 10088 --- [main] o.apache.catalina.core.StandardService   : Starting service [Tomcat]
2021-07-25 08:07:33.573  INFO 10088 --- [main] org.apache.catalina.core.StandardEngine  : Starting Servlet engine: [Apache Tomcat/9.0.48]
2021-07-25 08:07:33.916  INFO 10088 --- [main] o.a.c.c.C.[Tomcat].[localhost].[/]       : Initializing Spring embedded WebApplicationContext
2021-07-25 08:07:33.918  INFO 10088 --- [main] w.s.c.ServletWebServerApplicationContext : Root WebApplicationContext: initialization completed in 3529 ms
2021-07-25 08:07:34.929  INFO 10088 --- [main] com.zaxxer.hikari.HikariDataSource       : HikariPool-1 - Starting...
2021-07-25 08:07:35.592  INFO 10088 --- [main] com.zaxxer.hikari.HikariDataSource       : HikariPool-1 - Start completed.
2021-07-25 08:07:37.986  INFO 10088 --- [main] j.LocalContainerEntityManagerFactoryBean : Initialized JPA EntityManagerFactory for persistence unit 'default'
2021-07-25 08:07:39.039  WARN 10088 --- [main] JpaBaseConfiguration$JpaWebConfiguration : spring.jpa.open-in-view is enabled by default. Therefore, database queries may be performed during view rendering. Explicitly configure spring.jpa.open-in-view to disable this warning
2021-07-25 08:07:39.753  INFO 10088 --- [main] o.s.b.w.embedded.tomcat.TomcatWebServer  : Tomcat started on port(s): 8080 (http) with context path ''
2021-07-25 08:07:39.770  INFO 10088 --- [main] c.i.e.ElektronskiDnevnikApplication      : Started ElektronskiDnevnikApplication in 10.543 seconds (JVM running for 13.785)
2021-07-25 08:07:46.228  INFO 10088 --- [http-nio-8080-exec-2] o.a.c.c.C.[Tomcat].[localhost].[/]       : Initializing Spring DispatcherServlet 'dispatcherServlet'
2021-07-25 08:07:46.230  INFO 10088 --- [http-nio-8080-exec-2] o.s.web.servlet.DispatcherServlet        : Initializing Servlet 'dispatcherServlet'
2021-07-25 08:07:46.232  INFO 10088 --- [http-nio-8080-exec-2] o.s.web.servlet.DispatcherServlet        : Completed initialization in 2 ms
2021-07-25 08:08:25.961 ERROR 10088 --- [http-nio-8080-exec-4] o.a.c.c.C.[.[.[/].[dispatcherServlet]    : Servlet.service() for servlet [dispatcherServlet] in context with path [] threw exception [Request processing failed; nested exception is org.springframework.transaction.TransactionSystemException: Could not commit JPA transaction; nested exception is javax.persistence.RollbackException: Error while committing the transaction] with root cause

javax.validation.ConstraintViolationException: Validation failed for classes [com.iktpreobuka.elektronskiDnevnik.entities.UserEntity] during update time for groups [javax.validation.groups.Default, ]
List of constraint violations:[
	ConstraintViolationImpl{interpolatedMessage='Lastname must be string between 5 and 10 chars!', propertyPath=lastname, rootBeanClass=class com.iktpreobuka.elektronskiDnevnik.entities.UserEntity, messageTemplate='Lastname must be string between {min} and {max} chars!'}
]
	at org.hibernate.cfg.beanvalidation.BeanValidationEventListener.validate(BeanValidationEventListener.java:140) ~[hibernate-core-5.4.32.Final.jar:5.4.32.Final]
	at org.hibernate.cfg.beanvalidation.BeanValidationEventListener.onPreUpdate(BeanValidationEventListener.java:88) ~[hibernate-core-5.4.32.Final.jar:5.4.32.Final]
	at org.hibernate.action.internal.EntityUpdateAction.preUpdate(EntityUpdateAction.java:304) ~[hibernate-core-5.4.32.Final.jar:5.4.32.Final]
	at org.hibernate.action.internal.EntityUpdateAction.execute(EntityUpdateAction.java:174) ~[hibernate-core-5.4.32.Final.jar:5.4.32.Final]
	at org.hibernate.engine.spi.ActionQueue.executeActions(ActionQueue.java:604) ~[hibernate-core-5.4.32.Final.jar:5.4.32.Final]
	at org.hibernate.engine.spi.ActionQueue.lambda$executeActions$1(ActionQueue.java:478) ~[hibernate-core-5.4.32.Final.jar:5.4.32.Final]
	at java.base/java.util.LinkedHashMap.forEach(LinkedHashMap.java:723) ~[na:na]
	at org.hibernate.engine.spi.ActionQueue.executeActions(ActionQueue.java:475) ~[hibernate-core-5.4.32.Final.jar:5.4.32.Final]
	at org.hibernate.event.internal.AbstractFlushingEventListener.performExecutions(AbstractFlushingEventListener.java:344) ~[hibernate-core-5.4.32.Final.jar:5.4.32.Final]
	at org.hibernate.event.internal.DefaultFlushEventListener.onFlush(DefaultFlushEventListener.java:40) ~[hibernate-core-5.4.32.Final.jar:5.4.32.Final]
	at org.hibernate.event.service.internal.EventListenerGroupImpl.fireEventOnEachListener(EventListenerGroupImpl.java:99) ~[hibernate-core-5.4.32.Final.jar:5.4.32.Final]
	at org.hibernate.internal.SessionImpl.doFlush(SessionImpl.java:1362) ~[hibernate-core-5.4.32.Final.jar:5.4.32.Final]
	at org.hibernate.internal.SessionImpl.managedFlush(SessionImpl.java:453) ~[hibernate-core-5.4.32.Final.jar:5.4.32.Final]
	at org.hibernate.internal.SessionImpl.flushBeforeTransactionCompletion(SessionImpl.java:3212) ~[hibernate-core-5.4.32.Final.jar:5.4.32.Final]
	at org.hibernate.internal.SessionImpl.beforeTransactionCompletion(SessionImpl.java:2380) ~[hibernate-core-5.4.32.Final.jar:5.4.32.Final]
	at org.hibernate.engine.jdbc.internal.JdbcCoordinatorImpl.beforeTransactionCompletion(JdbcCoordinatorImpl.java:448) ~[hibernate-core-5.4.32.Final.jar:5.4.32.Final]
	at org.hibernate.resource.transaction.backend.jdbc.internal.JdbcResourceLocalTransactionCoordinatorImpl.beforeCompletionCallback(JdbcResourceLocalTransactionCoordinatorImpl.java:183) ~[hibernate-core-5.4.32.Final.jar:5.4.32.Final]
	at org.hibernate.resource.transaction.backend.jdbc.internal.JdbcResourceLocalTransactionCoordinatorImpl.access$300(JdbcResourceLocalTransactionCoordinatorImpl.java:40) ~[hibernate-core-5.4.32.Final.jar:5.4.32.Final]
	at org.hibernate.resource.transaction.backend.jdbc.internal.JdbcResourceLocalTransactionCoordinatorImpl$TransactionDriverControlImpl.commit(JdbcResourceLocalTransactionCoordinatorImpl.java:281) ~[hibernate-core-5.4.32.Final.jar:5.4.32.Final]
	at org.hibernate.engine.transaction.internal.TransactionImpl.commit(TransactionImpl.java:101) ~[hibernate-core-5.4.32.Final.jar:5.4.32.Final]
	at org.springframework.orm.jpa.JpaTransactionManager.doCommit(JpaTransactionManager.java:562) ~[spring-orm-5.3.8.jar:5.3.8]
	at org.springframework.transaction.support.AbstractPlatformTransactionManager.processCommit(AbstractPlatformTransactionManager.java:743) ~[spring-tx-5.3.8.jar:5.3.8]
	at org.springframework.transaction.support.AbstractPlatformTransactionManager.commit(AbstractPlatformTransactionManager.java:711) ~[spring-tx-5.3.8.jar:5.3.8]
	at org.springframework.transaction.interceptor.TransactionAspectSupport.commitTransactionAfterReturning(TransactionAspectSupport.java:654) ~[spring-tx-5.3.8.jar:5.3.8]
	at org.springframework.transaction.interceptor.TransactionAspectSupport.invokeWithinTransaction(TransactionAspectSupport.java:407) ~[spring-tx-5.3.8.jar:5.3.8]
	at org.springframework.transaction.interceptor.TransactionInterceptor.invoke(TransactionInterceptor.java:119) ~[spring-tx-5.3.8.jar:5.3.8]
	at org.springframework.aop.framework.ReflectiveMethodInvocation.proceed(ReflectiveMethodInvocation.java:186) ~[spring-aop-5.3.8.jar:5.3.8]
	at org.springframework.dao.support.PersistenceExceptionTranslationInterceptor.invoke(PersistenceExceptionTranslationInterceptor.java:137) ~[spring-tx-5.3.8.jar:5.3.8]
	at org.springframework.aop.framework.ReflectiveMethodInvocation.proceed(ReflectiveMethodInvocation.java:186) ~[spring-aop-5.3.8.jar:5.3.8]
	at org.springframework.data.jpa.repository.support.CrudMethodMetadataPostProcessor$CrudMethodMetadataPopulatingMethodInterceptor.invoke(CrudMethodMetadataPostProcessor.java:174) ~[spring-data-jpa-2.5.2.jar:2.5.2]
	at org.springframework.aop.framework.ReflectiveMethodInvocation.proceed(ReflectiveMethodInvocation.java:186) ~[spring-aop-5.3.8.jar:5.3.8]
	at org.springframework.aop.interceptor.ExposeInvocationInterceptor.invoke(ExposeInvocationInterceptor.java:97) ~[spring-aop-5.3.8.jar:5.3.8]
	at org.springframework.aop.framework.ReflectiveMethodInvocation.proceed(ReflectiveMethodInvocation.java:186) ~[spring-aop-5.3.8.jar:5.3.8]
	at org.springframework.aop.framework.JdkDynamicAopProxy.invoke(JdkDynamicAopProxy.java:215) ~[spring-aop-5.3.8.jar:5.3.8]
	at com.sun.proxy.$Proxy110.save(Unknown Source) ~[na:na]
	at com.iktpreobuka.elektronskiDnevnik.controllers.UserController.changeUser(UserController.java:251) ~[classes/:na]
	at java.base/jdk.internal.reflect.NativeMethodAccessorImpl.invoke0(Native Method) ~[na:na]
	at java.base/jdk.internal.reflect.NativeMethodAccessorImpl.invoke(NativeMethodAccessorImpl.java:64) ~[na:na]
	at java.base/jdk.internal.reflect.DelegatingMethodAccessorImpl.invoke(DelegatingMethodAccessorImpl.java:43) ~[na:na]
	at java.base/java.lang.reflect.Method.invoke(Method.java:564) ~[na:na]
	at org.springframework.web.method.support.InvocableHandlerMethod.doInvoke(InvocableHandlerMethod.java:197) ~[spring-web-5.3.8.jar:5.3.8]
	at org.springframework.web.method.support.InvocableHandlerMethod.invokeForRequest(InvocableHandlerMethod.java:141) ~[spring-web-5.3.8.jar:5.3.8]
	at org.springframework.web.servlet.mvc.method.annotation.ServletInvocableHandlerMethod.invokeAndHandle(ServletInvocableHandlerMethod.java:106) ~[spring-webmvc-5.3.8.jar:5.3.8]
	at org.springframework.web.servlet.mvc.method.annotation.RequestMappingHandlerAdapter.invokeHandlerMethod(RequestMappingHandlerAdapter.java:894) ~[spring-webmvc-5.3.8.jar:5.3.8]
	at org.springframework.web.servlet.mvc.method.annotation.RequestMappingHandlerAdapter.handleInternal(RequestMappingHandlerAdapter.java:808) ~[spring-webmvc-5.3.8.jar:5.3.8]
	at org.springframework.web.servlet.mvc.method.AbstractHandlerMethodAdapter.handle(AbstractHandlerMethodAdapter.java:87) ~[spring-webmvc-5.3.8.jar:5.3.8]
	at org.springframework.web.servlet.DispatcherServlet.doDispatch(DispatcherServlet.java:1063) ~[spring-webmvc-5.3.8.jar:5.3.8]
	at org.springframework.web.servlet.DispatcherServlet.doService(DispatcherServlet.java:963) ~[spring-webmvc-5.3.8.jar:5.3.8]
	at org.springframework.web.servlet.FrameworkServlet.processRequest(FrameworkServlet.java:1006) ~[spring-webmvc-5.3.8.jar:5.3.8]
	at org.springframework.web.servlet.FrameworkServlet.service(FrameworkServlet.java:880) ~[spring-webmvc-5.3.8.jar:5.3.8]
	at javax.servlet.http.HttpServlet.service(HttpServlet.java:764) ~[tomcat-embed-core-9.0.48.jar:4.0.FR]
	at org.apache.catalina.core.ApplicationFilterChain.internalDoFilter(ApplicationFilterChain.java:228) ~[tomcat-embed-core-9.0.48.jar:9.0.48]
	at org.apache.catalina.core.ApplicationFilterChain.doFilter(ApplicationFilterChain.java:163) ~[tomcat-embed-core-9.0.48.jar:9.0.48]
	at org.apache.tomcat.websocket.server.WsFilter.doFilter(WsFilter.java:53) ~[tomcat-embed-websocket-9.0.48.jar:9.0.48]
	at org.apache.catalina.core.ApplicationFilterChain.internalDoFilter(ApplicationFilterChain.java:190) ~[tomcat-embed-core-9.0.48.jar:9.0.48]
	at org.apache.catalina.core.ApplicationFilterChain.doFilter(ApplicationFilterChain.java:163) ~[tomcat-embed-core-9.0.48.jar:9.0.48]
	at org.springframework.web.filter.RequestContextFilter.doFilterInternal(RequestContextFilter.java:100) ~[spring-web-5.3.8.jar:5.3.8]
	at org.springframework.web.filter.OncePerRequestFilter.doFilter(OncePerRequestFilter.java:119) ~[spring-web-5.3.8.jar:5.3.8]
	at org.apache.catalina.core.ApplicationFilterChain.internalDoFilter(ApplicationFilterChain.java:190) ~[tomcat-embed-core-9.0.48.jar:9.0.48]
	at org.apache.catalina.core.ApplicationFilterChain.doFilter(ApplicationFilterChain.java:163) ~[tomcat-embed-core-9.0.48.jar:9.0.48]
	at org.springframework.web.filter.FormContentFilter.doFilterInternal(FormContentFilter.java:93) ~[spring-web-5.3.8.jar:5.3.8]
	at org.springframework.web.filter.OncePerRequestFilter.doFilter(OncePerRequestFilter.java:119) ~[spring-web-5.3.8.jar:5.3.8]
	at org.apache.catalina.core.ApplicationFilterChain.internalDoFilter(ApplicationFilterChain.java:190) ~[tomcat-embed-core-9.0.48.jar:9.0.48]
	at org.apache.catalina.core.ApplicationFilterChain.doFilter(ApplicationFilterChain.java:163) ~[tomcat-embed-core-9.0.48.jar:9.0.48]
	at org.springframework.web.filter.CharacterEncodingFilter.doFilterInternal(CharacterEncodingFilter.java:201) ~[spring-web-5.3.8.jar:5.3.8]
	at org.springframework.web.filter.OncePerRequestFilter.doFilter(OncePerRequestFilter.java:119) ~[spring-web-5.3.8.jar:5.3.8]
	at org.apache.catalina.core.ApplicationFilterChain.internalDoFilter(ApplicationFilterChain.java:190) ~[tomcat-embed-core-9.0.48.jar:9.0.48]
	at org.apache.catalina.core.ApplicationFilterChain.doFilter(ApplicationFilterChain.java:163) ~[tomcat-embed-core-9.0.48.jar:9.0.48]
	at org.apache.catalina.core.StandardWrapperValve.invoke(StandardWrapperValve.java:202) ~[tomcat-embed-core-9.0.48.jar:9.0.48]
	at org.apache.catalina.core.StandardContextValve.invoke(StandardContextValve.java:97) ~[tomcat-embed-core-9.0.48.jar:9.0.48]
	at org.apache.catalina.authenticator.AuthenticatorBase.invoke(AuthenticatorBase.java:542) ~[tomcat-embed-core-9.0.48.jar:9.0.48]
	at org.apache.catalina.core.StandardHostValve.invoke(StandardHostValve.java:143) ~[tomcat-embed-core-9.0.48.jar:9.0.48]
	at org.apache.catalina.valves.ErrorReportValve.invoke(ErrorReportValve.java:92) ~[tomcat-embed-core-9.0.48.jar:9.0.48]
	at org.apache.catalina.core.StandardEngineValve.invoke(StandardEngineValve.java:78) ~[tomcat-embed-core-9.0.48.jar:9.0.48]
	at org.apache.catalina.connector.CoyoteAdapter.service(CoyoteAdapter.java:357) ~[tomcat-embed-core-9.0.48.jar:9.0.48]
	at org.apache.coyote.http11.Http11Processor.service(Http11Processor.java:382) ~[tomcat-embed-core-9.0.48.jar:9.0.48]
	at org.apache.coyote.AbstractProcessorLight.process(AbstractProcessorLight.java:65) ~[tomcat-embed-core-9.0.48.jar:9.0.48]
	at org.apache.coyote.AbstractProtocol$ConnectionHandler.process(AbstractProtocol.java:893) ~[tomcat-embed-core-9.0.48.jar:9.0.48]
	at org.apache.tomcat.util.net.NioEndpoint$SocketProcessor.doRun(NioEndpoint.java:1723) ~[tomcat-embed-core-9.0.48.jar:9.0.48]
	at org.apache.tomcat.util.net.SocketProcessorBase.run(SocketProcessorBase.java:49) ~[tomcat-embed-core-9.0.48.jar:9.0.48]
	at java.base/java.util.concurrent.ThreadPoolExecutor.runWorker(ThreadPoolExecutor.java:1130) ~[na:na]
	at java.base/java.util.concurrent.ThreadPoolExecutor$Worker.run(ThreadPoolExecutor.java:630) ~[na:na]
	at org.apache.tomcat.util.threads.TaskThread$WrappingRunnable.run(TaskThread.java:61) ~[tomcat-embed-core-9.0.48.jar:9.0.48]
	at java.base/java.lang.Thread.run(Thread.java:832) ~[na:na]

2021-07-25 08:11:04.132  INFO 10088 --- [RMI TCP Connection(11)-127.0.0.1] inMXBeanRegistrar$SpringApplicationAdmin : Application shutdown requested.
2021-07-25 08:11:04.185  INFO 10088 --- [RMI TCP Connection(11)-127.0.0.1] j.LocalContainerEntityManagerFactoryBean : Closing JPA EntityManagerFactory for persistence unit 'default'
2021-07-25 08:11:04.188  INFO 10088 --- [RMI TCP Connection(11)-127.0.0.1] com.zaxxer.hikari.HikariDataSource       : HikariPool-1 - Shutdown initiated...
2021-07-25 08:11:04.217  INFO 10088 --- [RMI TCP Connection(11)-127.0.0.1] com.zaxxer.hikari.HikariDataSource       : HikariPool-1 - Shutdown completed.
2021-07-25 08:11:15.147  INFO 10376 --- [main] c.i.e.ElektronskiDnevnikApplication      : Starting ElektronskiDnevnikApplication using Java 15.0.2 on Tara-HP with PID 10376 (C:\elektronskiDnevnik\target\classes started by vujcic in C:\elektronskiDnevnik)
2021-07-25 08:11:15.168  INFO 10376 --- [main] c.i.e.ElektronskiDnevnikApplication      : No active profile set, falling back to default profiles: default
2021-07-25 08:11:17.180  INFO 10376 --- [main] .s.d.r.c.RepositoryConfigurationDelegate : Bootstrapping Spring Data JPA repositories in DEFAULT mode.
2021-07-25 08:11:17.433  INFO 10376 --- [main] .s.d.r.c.RepositoryConfigurationDelegate : Finished Spring Data repository scanning in 233 ms. Found 10 JPA repository interfaces.
2021-07-25 08:11:18.602  INFO 10376 --- [main] o.s.b.w.embedded.tomcat.TomcatWebServer  : Tomcat initialized with port(s): 8080 (http)
2021-07-25 08:11:18.624  INFO 10376 --- [main] o.apache.catalina.core.StandardService   : Starting service [Tomcat]
2021-07-25 08:11:18.625  INFO 10376 --- [main] org.apache.catalina.core.StandardEngine  : Starting Servlet engine: [Apache Tomcat/9.0.48]
2021-07-25 08:11:18.967  INFO 10376 --- [main] o.a.c.c.C.[Tomcat].[localhost].[/]       : Initializing Spring embedded WebApplicationContext
2021-07-25 08:11:18.969  INFO 10376 --- [main] w.s.c.ServletWebServerApplicationContext : Root WebApplicationContext: initialization completed in 3595 ms
2021-07-25 08:11:20.046  INFO 10376 --- [main] com.zaxxer.hikari.HikariDataSource       : HikariPool-1 - Starting...
2021-07-25 08:11:20.744  INFO 10376 --- [main] com.zaxxer.hikari.HikariDataSource       : HikariPool-1 - Start completed.
2021-07-25 08:11:23.501  INFO 10376 --- [main] j.LocalContainerEntityManagerFactoryBean : Initialized JPA EntityManagerFactory for persistence unit 'default'
2021-07-25 08:11:24.579  WARN 10376 --- [main] JpaBaseConfiguration$JpaWebConfiguration : spring.jpa.open-in-view is enabled by default. Therefore, database queries may be performed during view rendering. Explicitly configure spring.jpa.open-in-view to disable this warning
2021-07-25 08:11:25.325  INFO 10376 --- [main] o.s.b.w.embedded.tomcat.TomcatWebServer  : Tomcat started on port(s): 8080 (http) with context path ''
2021-07-25 08:11:25.343  INFO 10376 --- [main] c.i.e.ElektronskiDnevnikApplication      : Started ElektronskiDnevnikApplication in 11.129 seconds (JVM running for 14.203)
2021-07-25 08:11:35.480  INFO 10376 --- [http-nio-8080-exec-2] o.a.c.c.C.[Tomcat].[localhost].[/]       : Initializing Spring DispatcherServlet 'dispatcherServlet'
2021-07-25 08:11:35.485  INFO 10376 --- [http-nio-8080-exec-2] o.s.web.servlet.DispatcherServlet        : Initializing Servlet 'dispatcherServlet'
2021-07-25 08:11:35.491  INFO 10376 --- [http-nio-8080-exec-2] o.s.web.servlet.DispatcherServlet        : Completed initialization in 3 ms
